<?xml version="1.0" encoding="UTF-8"?>
<!-- Generated by org.testng.reporters.JUnitReportReporter -->
<testsuite hostname="DESKTOP-UI8NR6I" failures="0" tests="1" name="testscript.TestBTApplication" time="20.431" errors="0" timestamp="19 Oct 2023 06:19:37 GMT" skipped="0">
  <testcase classname="testscript.TestBTApplication" name="testBT" time="20.431"/>
</testsuite> <!-- testscript.TestBTApplication -->
